<?xml version="1.0" encoding="UTF-8"?>
<testsuite errors="0" failures="0" name="tests.test_renderengine.RenderEngineTestCase-20161024074845" skipped="0" tests="1" time="0.000">
	<testcase classname="tests.test_renderengine.RenderEngineTestCase" name="test_init" time="0.000"/>
	<system-out>
<![CDATA[]]>	</system-out>
	<system-err>
<![CDATA[]]>	</system-err>
</testsuite>
